#
# There is insufficient memory for the Java Runtime Environment to continue.
# Native memory allocation (malloc) failed to allocate 1048576 bytes for AllocateHeap
# Possible reasons:
#   The system is out of physical RAM or swap space
#   In 32 bit mode, the process size limit was hit
# Possible solutions:
#   Reduce memory load on the system
#   Increase physical memory or swap space
#   Check if swap backing store is full
#   Use 64 bit Java on a 64 bit OS
#   Decrease Java heap size (-Xmx/-Xms)
#   Decrease number of Java threads
#   Decrease Java thread stack sizes (-Xss)
#   Set larger code cache with -XX:ReservedCodeCacheSize=
# This output file may be truncated or incomplete.
#
#  Out of Memory Error (memory/allocation.inline.hpp:61), pid=23452, tid=0x0000000000001e38
#
# JRE version:  (8.0_101-b13) (build )
# Java VM: Java HotSpot(TM) 64-Bit Server VM (25.101-b13 mixed mode windows-amd64 compressed oops)
# Failed to write core dump. Minidumps are not enabled by default on client versions of Windows
#

---------------  T H R E A D  ---------------

Current thread (0x000000000288d800):  JavaThread "Unknown thread" [_thread_in_vm, id=7736, stack(0x00000000021c0000,0x00000000022c0000)]

Stack: [0x00000000021c0000,0x00000000022c0000]
[error occurred during error reporting (printing stack bounds), id 0xc0000005]

Native frames: (J=compiled Java code, j=interpreted, Vv=VM code, C=native code)


---------------  P R O C E S S  ---------------

Java Threads: ( => current thread )

Other Threads:

=>0x000000000288d800 (exited) JavaThread "Unknown thread" [_thread_in_vm, id=7736, stack(0x00000000021c0000,0x00000000022c0000)]

VM state:not at safepoint (normal execution)

VM Mutex/Monitor currently owned by a thread: None

Heap:
 PSYoungGen      total 38400K, used 665K [0x00000000eab00000, 0x00000000ed580000, 0x0000000100000000)
  eden space 33280K, 2% used [0x00000000eab00000,0x00000000eaba6670,0x00000000ecb80000)
  from space 5120K, 0% used [0x00000000ed080000,0x00000000ed080000,0x00000000ed580000)
  to   space 5120K, 0% used [0x00000000ecb80000,0x00000000ecb80000,0x00000000ed080000)
 ParOldGen       total 87552K, used 0K [0x00000000c0000000, 0x00000000c5580000, 0x00000000eab00000)
  object space 87552K, 0% used [0x00000000c0000000,0x00000000c0000000,0x00000000c5580000)
 Metaspace       used 769K, capacity 4480K, committed 4480K, reserved 1056768K
  class space    used 75K, capacity 384K, committed 384K, reserved 1048576K

Card table byte_map: [0x0000000011c50000,0x0000000011e60000] byte_map_base: 0x0000000011650000

Marking Bits: (ParMarkBitMap*) 0x0000000062caa6d0
 Begin Bits: [0x00000000123c0000, 0x00000000133c0000)
 End Bits:   [0x00000000133c0000, 0x00000000143c0000)

Polling page: 0x0000000000730000

CodeCache: size=245760Kb used=328Kb max_used=328Kb free=245431Kb
 bounds [0x0000000002890000, 0x0000000002b00000, 0x0000000011890000]
 total_blobs=58 nmethods=0 adapters=38
 compilation: enabled

Compilation events (0 events):
No events

GC Heap History (0 events):
No events

Deoptimization events (0 events):
No events

Internal exceptions (0 events):
No events

Events (10 events):
Event: 0.141 loading class java/lang/Short
Event: 0.141 loading class java/lang/Short done
Event: 0.141 loading class java/lang/Integer
Event: 0.141 loading class java/lang/Integer done
Event: 0.141 loading class java/lang/Long
Event: 0.141 loading class java/lang/Long done
Event: 0.142 loading class java/lang/NullPointerException
Event: 0.143 loading class java/lang/NullPointerException done
Event: 0.143 loading class java/lang/ArithmeticException
Event: 0.143 loading class java/lang/ArithmeticException done


Dynamic libraries:
0x00007ff7e0e30000 - 0x00007ff7e0e67000 	C:\Program Files\Java\jdk1.8.0_101\bin\java.exe
0x00007ffd1be60000 - 0x00007ffd1c021000 	C:\WINDOWS\SYSTEM32\ntdll.dll
0x00007ffd1a160000 - 0x00007ffd1a20d000 	C:\WINDOWS\system32\KERNEL32.DLL
0x00007ffd18860000 - 0x00007ffd18a48000 	C:\WINDOWS\system32\KERNELBASE.dll
0x00007ffd1bdb0000 - 0x00007ffd1be57000 	C:\WINDOWS\system32\ADVAPI32.dll
0x00007ffd1bad0000 - 0x00007ffd1bb6d000 	C:\WINDOWS\system32\msvcrt.dll
0x00007ffd1a280000 - 0x00007ffd1a2db000 	C:\WINDOWS\system32\sechost.dll
0x00007ffd194c0000 - 0x00007ffd195dc000 	C:\WINDOWS\system32\RPCRT4.dll
0x00007ffd19880000 - 0x00007ffd199d6000 	C:\WINDOWS\system32\USER32.dll
0x00007ffd19f70000 - 0x00007ffd1a0f6000 	C:\WINDOWS\system32\GDI32.dll
0x00007ffd131f0000 - 0x00007ffd13464000 	C:\WINDOWS\WinSxS\amd64_microsoft.windows.common-controls_6595b64144ccf1df_6.0.10586.672_none_a2d6b3cea53ff843\COMCTL32.dll
0x00007ffd195e0000 - 0x00007ffd1985d000 	C:\WINDOWS\system32\combase.dll
0x00007ffd187d0000 - 0x00007ffd1883a000 	C:\WINDOWS\system32\bcryptPrimitives.dll
0x00007ffd19480000 - 0x00007ffd194bb000 	C:\WINDOWS\system32\IMM32.DLL
0x0000000061fc0000 - 0x0000000062092000 	C:\Program Files\Java\jdk1.8.0_101\jre\bin\msvcr100.dll
0x0000000062490000 - 0x0000000062d2a000 	C:\Program Files\Java\jdk1.8.0_101\jre\bin\server\jvm.dll
0x00007ffd19b30000 - 0x00007ffd19b38000 	C:\WINDOWS\system32\PSAPI.DLL
0x00007ffd0c0a0000 - 0x00007ffd0c0a9000 	C:\WINDOWS\SYSTEM32\WSOCK32.dll
0x00007ffd1a210000 - 0x00007ffd1a27b000 	C:\WINDOWS\system32\WS2_32.dll
0x00007ffd169a0000 - 0x00007ffd169c3000 	C:\WINDOWS\SYSTEM32\WINMM.dll
0x00007ffd13930000 - 0x00007ffd1393a000 	C:\WINDOWS\SYSTEM32\VERSION.dll
0x00007ffd166e0000 - 0x00007ffd1670c000 	C:\WINDOWS\SYSTEM32\WINMMBASE.dll
0x00007ffd19210000 - 0x00007ffd19253000 	C:\WINDOWS\system32\cfgmgr32.dll
0x0000000062480000 - 0x000000006248f000 	C:\Program Files\Java\jdk1.8.0_101\jre\bin\verify.dll
0x0000000062450000 - 0x0000000062479000 	C:\Program Files\Java\jdk1.8.0_101\jre\bin\java.dll
0x0000000062430000 - 0x0000000062446000 	C:\Program Files\Java\jdk1.8.0_101\jre\bin\zip.dll

VM Arguments:
jvm_args: -Djava.awt.headless=true -Xmx1024M -Dfile.encoding=GBK -Duser.country=CN -Duser.language=zh -Duser.variant 
java_command: com.android.dx.command.Main --dex --force-jumbo --num-threads=4 --multi-dex --output C:\Users\zeus\AndroidStudioProjects\2014052540dairy\app\build\intermediates\transforms\dex\debug\folders\1000\10\instant-run-bootstrap_7434227640127c5b211b8bed53e5e6efc17421a2 C:\Users\zeus\AndroidStudioProjects\2014052540dairy\app\build\intermediates\incremental-classes\debug\instant-run-bootstrap.jar
java_class_path (initial): C:\Users\zeus\AppData\Local\Android\Sdk\build-tools\24.0.2\lib\dx.jar
Launcher Type: SUN_STANDARD

Environment Variables:
JAVA_HOME=C:\Program Files\Java\jdk1.8.0_101
CLASSPATH=¡°.;C:\Program Files\Java\jdk1.8.0_101\lib\dt.jar;C:\Program Files\Java\jdk1.8.0_101\lib\tools.jar;
PATH=C:\WINDOWS\system32;C:\WINDOWS;C:\WINDOWS\System32\Wbem;C:\WINDOWS\System32\WindowsPowerShell\v1.0\;C:\WINDOWS\system32\config\systemprofile\.dnx\bin;C:\Program Files\Microsoft DNX\Dnvm\;C:\Program Files (x86)\Windows Kits\8.1\Windows Performance Toolkit\;C:\Program Files\Microsoft SQL Server\130\Tools\Binn\;d:\Git\cmd\;C:\Program Files\Java\jdk1.8.0_101\bin;C:\Program Files\Java\jdk1.8.0_101\jre\bin;D:\vc++6.0\Tools\WinNT;D:\vc++6.0\MSDev98\Bin;D:\vc++6.0\Tools;D:\Microsoft Visual Studio\VC98\bin
USERNAME=zeus
OS=Windows_NT
PROCESSOR_IDENTIFIER=Intel64 Family 6 Model 42 Stepping 7, GenuineIntel



---------------  S Y S T E M  ---------------

OS: Windows 10.0 , 64 bit Build 10586 (10.0.10586.589)

CPU:total 4 (4 cores per cpu, 1 threads per core) family 6 model 42 stepping 7, cmov, cx8, fxsr, mmx, sse, sse2, sse3, ssse3, sse4.1, sse4.2, popcnt, avx, aes, clmul, tsc, tscinvbit

Memory: 4k page, physical 8295364k(838564k free), swap 11759752k(5600k free)

vm_info: Java HotSpot(TM) 64-Bit Server VM (25.101-b13) for windows-amd64 JRE (1.8.0_101-b13), built on Jun 22 2016 01:21:29 by "java_re" with MS VC++ 10.0 (VS2010)

time: Fri Dec 23 22:35:48 2016
elapsed time: 0 seconds (0d 0h 0m 0s)

